{"level":"\u001b[32minfo\u001b[39m","message":"{\"method\":\"GET\",\"url\":\"/api/v1/user/login\",\"status\":\"404\",\"responseTime\":\"10.684\"}","timestamp":"2024-07-23T16:07:00.901Z"}
{"level":"\u001b[32minfo\u001b[39m","message":"{\"method\":\"GET\",\"url\":\"/api/v1/user/login\",\"status\":\"404\",\"responseTime\":\"6.320\"}","timestamp":"2024-07-23T16:09:24.363Z"}
{"level":"\u001b[32minfo\u001b[39m","message":"{\"method\":\"GET\",\"url\":\"/api/v1/user/login\",\"status\":\"404\",\"responseTime\":\"1.216\"}","timestamp":"2024-07-23T16:09:24.742Z"}
{"level":"\u001b[32minfo\u001b[39m","message":"{\"method\":\"GET\",\"url\":\"/api/v1/user/login\",\"status\":\"404\",\"responseTime\":\"1.161\"}","timestamp":"2024-07-23T16:09:25.087Z"}
{"level":"\u001b[32minfo\u001b[39m","message":"{\"method\":\"GET\",\"url\":\"/api/v1/user/login\",\"status\":\"404\",\"responseTime\":\"1.038\"}","timestamp":"2024-07-23T16:09:25.365Z"}
{"level":"\u001b[32minfo\u001b[39m","message":"{\"method\":\"GET\",\"url\":\"/api/v1/user/login\",\"status\":\"404\",\"responseTime\":\"0.759\"}","timestamp":"2024-07-23T16:09:25.653Z"}
{"level":"\u001b[32minfo\u001b[39m","message":"{\"method\":\"GET\",\"url\":\"/api/v1/user/login\",\"status\":\"429\",\"responseTime\":\"2.487\"}","timestamp":"2024-07-23T16:09:25.928Z"}
{"level":"\u001b[32minfo\u001b[39m","message":"{\"method\":\"GET\",\"url\":\"/favicon.ico\",\"status\":\"404\",\"responseTime\":\"0.463\"}","timestamp":"2024-07-23T16:09:26.052Z"}
{"level":"\u001b[32minfo\u001b[39m","message":"{\"method\":\"GET\",\"url\":\"/api/v1/user/login\",\"status\":\"429\",\"responseTime\":\"0.518\"}","timestamp":"2024-07-23T16:09:26.206Z"}
{"level":"\u001b[32minfo\u001b[39m","message":"{\"method\":\"POST\",\"url\":\"/api/v1/user/login\",\"status\":\"400\",\"responseTime\":\"181.261\"}","timestamp":"2024-07-24T11:06:44.244Z"}
{"level":"\u001b[32minfo\u001b[39m","message":"{\"method\":\"POST\",\"url\":\"/api/v1/user/login\",\"status\":\"400\",\"responseTime\":\"9.835\"}","timestamp":"2024-07-24T11:07:02.969Z"}
{"level":"\u001b[32minfo\u001b[39m","message":"{\"method\":\"POST\",\"url\":\"/api/v1/user/login\",\"status\":\"400\",\"responseTime\":\"11.662\"}","timestamp":"2024-07-24T11:07:13.274Z"}
{"level":"\u001b[32minfo\u001b[39m","message":"{\"method\":\"GET\",\"url\":\"/api/v1/user/reigster\",\"status\":\"404\",\"responseTime\":\"1.849\"}","timestamp":"2024-07-24T11:08:38.229Z"}
{"level":"\u001b[32minfo\u001b[39m","message":"{\"method\":\"POST\",\"url\":\"/api/v1/user/reigster\",\"status\":\"404\",\"responseTime\":\"2.172\"}","timestamp":"2024-07-24T11:08:41.894Z"}
{"level":"\u001b[32minfo\u001b[39m","message":"{\"method\":\"POST\",\"url\":\"/api/v1/user/register\",\"status\":\"500\",\"responseTime\":\"172.340\"}","timestamp":"2024-07-24T11:08:51.941Z"}
{"level":"\u001b[32minfo\u001b[39m","message":"{\"method\":\"POST\",\"url\":\"/api/v1/user/login\",\"status\":\"400\",\"responseTime\":\"38.826\"}","timestamp":"2024-07-24T11:09:53.616Z"}
{"level":"\u001b[32minfo\u001b[39m","message":"{\"method\":\"POST\",\"url\":\"/api/v1/user/login\",\"status\":\"200\",\"responseTime\":\"157.563\"}","timestamp":"2024-07-24T11:10:05.430Z"}
{"level":"\u001b[32minfo\u001b[39m","message":"{\"method\":\"POST\",\"url\":\"/api/v1/user/metadata/edit\",\"status\":\"400\",\"responseTime\":\"50.691\"}","timestamp":"2024-07-24T11:15:36.169Z"}
{"level":"\u001b[32minfo\u001b[39m","message":"{\"method\":\"POST\",\"url\":\"/api/v1/user/metadata/edit\",\"status\":\"200\",\"responseTime\":\"51.752\"}","timestamp":"2024-07-24T11:16:22.443Z"}
{"level":"\u001b[32minfo\u001b[39m","message":"{\"method\":\"GET\",\"url\":\"/api/v1/user/details\",\"status\":\"404\",\"responseTime\":\"8.473\"}","timestamp":"2024-07-24T12:01:37.552Z"}
{"level":"\u001b[32minfo\u001b[39m","message":"{\"method\":\"GET\",\"url\":\"/api/v1/user/details\",\"status\":\"404\",\"responseTime\":\"1.292\"}","timestamp":"2024-07-24T12:01:37.982Z"}
{"level":"\u001b[32minfo\u001b[39m","message":"{\"method\":\"GET\",\"url\":\"/api/v1/user/details/66a0e0c3b7e5d47da02560dd\",\"status\":\"400\",\"responseTime\":\"21.703\"}","timestamp":"2024-07-24T12:02:15.211Z"}
{"level":"\u001b[32minfo\u001b[39m","message":"{\"method\":\"GET\",\"url\":\"/api/v1/user/details/66a0e0c3b7e5d47da02560dd\",\"status\":\"400\",\"responseTime\":\"7.200\"}","timestamp":"2024-07-24T12:02:15.978Z"}
{"level":"\u001b[32minfo\u001b[39m","message":"{\"method\":\"GET\",\"url\":\"/api/v1/user/details/66a0e0c3b7e5d47da02560dd\",\"status\":\"400\",\"responseTime\":\"5.394\"}","timestamp":"2024-07-24T12:02:25.773Z"}
{"level":"\u001b[32minfo\u001b[39m","message":"{\"method\":\"GET\",\"url\":\"/api/v1/user/details/66a0e0c3b7e5d47da02560dd\",\"status\":\"400\",\"responseTime\":\"7.452\"}","timestamp":"2024-07-24T12:02:25.791Z"}
{"level":"\u001b[32minfo\u001b[39m","message":"{\"method\":\"GET\",\"url\":\"/api/v1/user/details/66a0e0c3b7e5d47da02560dd\",\"status\":\"500\",\"responseTime\":\"16.244\"}","timestamp":"2024-07-24T12:02:48.304Z"}
{"level":"\u001b[32minfo\u001b[39m","message":"{\"method\":\"GET\",\"url\":\"/api/v1/user/details/66a0e0c3b7e5d47da02560dd\",\"status\":\"500\",\"responseTime\":\"3.416\"}","timestamp":"2024-07-24T12:02:48.335Z"}
{"level":"\u001b[32minfo\u001b[39m","message":"{\"method\":\"GET\",\"url\":\"/api/v1/user/details/66a0e0c3b7e5d47da02560dd\",\"status\":\"400\",\"responseTime\":\"36.508\"}","timestamp":"2024-07-24T12:03:10.790Z"}
{"level":"\u001b[32minfo\u001b[39m","message":"{\"method\":\"GET\",\"url\":\"/api/v1/user/details/66a0e0c3b7e5d47da02560dd\",\"status\":\"400\",\"responseTime\":\"22.770\"}","timestamp":"2024-07-24T12:03:10.828Z"}
{"level":"\u001b[32minfo\u001b[39m","message":"{\"method\":\"GET\",\"url\":\"/api/v1/user/details/66a0e0c3b7e5d47da02560dd\",\"status\":\"200\",\"responseTime\":\"43.614\"}","timestamp":"2024-07-24T12:03:24.204Z"}
{"level":"\u001b[32minfo\u001b[39m","message":"{\"method\":\"GET\",\"url\":\"/api/v1/user/details/66a0e0c3b7e5d47da02560dd\",\"status\":\"304\",\"responseTime\":\"16.250\"}","timestamp":"2024-07-24T12:03:24.239Z"}
{"level":"\u001b[32minfo\u001b[39m","message":"{\"method\":\"GET\",\"url\":\"/api/v1/user/details/66a0e0c3b7e5d47da02560dd\",\"status\":\"304\",\"responseTime\":\"85.952\"}","timestamp":"2024-07-24T12:22:42.515Z"}
{"level":"\u001b[32minfo\u001b[39m","message":"{\"method\":\"GET\",\"url\":\"/api/v1/user/details/66a0e0c3b7e5d47da02560dd\",\"status\":\"304\",\"responseTime\":\"10.134\"}","timestamp":"2024-07-24T12:22:42.533Z"}
